2024-02-19 17:24:19,191 [Worker-6: Loading available Gradle versions] INFO  o.e.b.c.i.u.g.PublishedGradleVersions - Gradle version information cache is up-to-date. Trying to read.
2024-02-26 13:41:42,187 [Worker-2: Loading available Gradle versions] INFO  o.e.b.c.i.u.g.PublishedGradleVersions - Gradle version information cache is up-to-date. Trying to read.
2024-02-26 13:46:00,801 [Worker-1: Loading available Gradle versions] INFO  o.e.b.c.i.u.g.PublishedGradleVersions - Gradle version information cache is up-to-date. Trying to read.
2024-02-26 13:51:14,871 [Worker-1: Loading available Gradle versions] INFO  o.e.b.c.i.u.g.PublishedGradleVersions - Gradle version information cache is up-to-date. Trying to read.
2024-02-27 10:01:36,028 [Worker-3: Loading available Gradle versions] INFO  o.e.b.c.i.u.g.PublishedGradleVersions - Gradle version information cache is out-of-date. Trying to update.
2024-02-27 15:37:48,390 [Worker-2: Loading available Gradle versions] INFO  o.e.b.c.i.u.g.PublishedGradleVersions - Gradle version information cache is up-to-date. Trying to read.
2024-02-28 09:12:05,662 [Worker-5: Loading available Gradle versions] INFO  o.e.b.c.i.u.g.PublishedGradleVersions - Gradle version information cache is up-to-date. Trying to read.
2024-02-28 09:58:27,860 [Worker-1: Loading available Gradle versions] INFO  o.e.b.c.i.u.g.PublishedGradleVersions - Gradle version information cache is up-to-date. Trying to read.
2024-02-28 17:41:25,131 [Worker-1: Loading available Gradle versions] INFO  o.e.b.c.i.u.g.PublishedGradleVersions - Gradle version information cache is out-of-date. Trying to update.
2024-02-29 08:52:49,556 [Worker-2: Loading available Gradle versions] INFO  o.e.b.c.i.u.g.PublishedGradleVersions - Gradle version information cache is up-to-date. Trying to read.
2024-03-04 13:59:34,781 [Worker-4: Loading available Gradle versions] INFO  o.e.b.c.i.u.g.PublishedGradleVersions - Gradle version information cache is up-to-date. Trying to read.
2024-03-04 16:10:56,566 [Worker-3: Loading available Gradle versions] INFO  o.e.b.c.i.u.g.PublishedGradleVersions - Gradle version information cache is up-to-date. Trying to read.
2024-03-05 08:53:02,482 [Worker-1: Loading available Gradle versions] INFO  o.e.b.c.i.u.g.PublishedGradleVersions - Gradle version information cache is up-to-date. Trying to read.
2024-03-05 09:32:55,329 [Worker-2: Loading available Gradle versions] INFO  o.e.b.c.i.u.g.PublishedGradleVersions - Gradle version information cache is up-to-date. Trying to read.
2024-03-05 09:35:04,619 [Worker-4: Loading available Gradle versions] INFO  o.e.b.c.i.u.g.PublishedGradleVersions - Gradle version information cache is up-to-date. Trying to read.
2024-03-05 09:37:18,989 [Worker-2: Loading available Gradle versions] INFO  o.e.b.c.i.u.g.PublishedGradleVersions - Gradle version information cache is up-to-date. Trying to read.
2024-03-05 10:01:24,252 [Worker-2: Loading available Gradle versions] INFO  o.e.b.c.i.u.g.PublishedGradleVersions - Gradle version information cache is up-to-date. Trying to read.
2024-03-05 10:02:29,172 [Worker-4: Loading available Gradle versions] INFO  o.e.b.c.i.u.g.PublishedGradleVersions - Gradle version information cache is up-to-date. Trying to read.
2024-03-05 10:11:55,521 [Worker-4: Loading available Gradle versions] INFO  o.e.b.c.i.u.g.PublishedGradleVersions - Gradle version information cache is up-to-date. Trying to read.
2024-03-05 11:58:43,466 [Worker-3: Loading available Gradle versions] INFO  o.e.b.c.i.u.g.PublishedGradleVersions - Gradle version information cache is up-to-date. Trying to read.
2024-03-05 12:29:02,897 [Worker-1: Loading available Gradle versions] INFO  o.e.b.c.i.u.g.PublishedGradleVersions - Gradle version information cache is up-to-date. Trying to read.
2024-03-05 14:23:48,671 [Worker-3: Loading available Gradle versions] INFO  o.e.b.c.i.u.g.PublishedGradleVersions - Gradle version information cache is out-of-date. Trying to update.
2024-03-05 15:07:18,192 [Worker-0: Loading available Gradle versions] INFO  o.e.b.c.i.u.g.PublishedGradleVersions - Gradle version information cache is up-to-date. Trying to read.
2024-03-05 15:25:44,558 [Worker-2: Loading available Gradle versions] INFO  o.e.b.c.i.u.g.PublishedGradleVersions - Gradle version information cache is up-to-date. Trying to read.
2024-03-06 10:59:48,832 [Worker-3: Loading available Gradle versions] INFO  o.e.b.c.i.u.g.PublishedGradleVersions - Gradle version information cache is up-to-date. Trying to read.
2024-03-06 11:22:40,352 [Worker-2: Loading available Gradle versions] INFO  o.e.b.c.i.u.g.PublishedGradleVersions - Gradle version information cache is up-to-date. Trying to read.
2024-03-06 13:38:44,300 [Worker-1: Loading available Gradle versions] INFO  o.e.b.c.i.u.g.PublishedGradleVersions - Gradle version information cache is up-to-date. Trying to read.
2024-03-07 15:36:46,042 [Worker-2: Loading available Gradle versions] INFO  o.e.b.c.i.u.g.PublishedGradleVersions - Gradle version information cache is up-to-date. Trying to read.
2024-03-07 16:01:35,809 [Worker-1: Loading available Gradle versions] INFO  o.e.b.c.i.u.g.PublishedGradleVersions - Gradle version information cache is up-to-date. Trying to read.
<<<<<<< HEAD
2024-03-25 11:25:57,952 [Worker-6: Loading available Gradle versions] INFO  o.e.b.c.i.u.g.PublishedGradleVersions - Gradle version information cache is up-to-date. Trying to read.
2024-03-26 08:58:58,902 [Worker-2: Loading available Gradle versions] INFO  o.e.b.c.i.u.g.PublishedGradleVersions - Gradle version information cache is up-to-date. Trying to read.
=======
2024-03-24 22:06:13,359 [Worker-5: Loading available Gradle versions] INFO  o.e.b.c.i.u.g.PublishedGradleVersions - Gradle version information cache is up-to-date. Trying to read.
2024-03-26 19:12:36,659 [Worker-6: Loading available Gradle versions] INFO  o.e.b.c.i.u.g.PublishedGradleVersions - Gradle version information cache is out-of-date. Trying to update.
<<<<<<< HEAD
2024-04-04 21:26:54,509 [Worker-4: Loading available Gradle versions] INFO  o.e.b.c.i.u.g.PublishedGradleVersions - Gradle version information cache is out-of-date. Trying to update.
=======
>>>>>>> 2daad804fb61fb82d38931d1739daa12b7537182
2024-03-27 11:39:00,235 [Worker-7: Loading available Gradle versions] INFO  o.e.b.c.i.u.g.PublishedGradleVersions - Gradle version information cache is out-of-date. Trying to update.
2024-03-28 09:07:53,859 [Worker-2: Loading available Gradle versions] INFO  o.e.b.c.i.u.g.PublishedGradleVersions - Gradle version information cache is up-to-date. Trying to read.
2024-03-28 14:35:02,477 [Worker-2: Loading available Gradle versions] INFO  o.e.b.c.i.u.g.PublishedGradleVersions - Gradle version information cache is out-of-date. Trying to update.
2024-04-01 10:42:20,222 [Worker-2: Loading available Gradle versions] INFO  o.e.b.c.i.u.g.PublishedGradleVersions - Gradle version information cache is out-of-date. Trying to update.
2024-04-01 15:41:28,640 [Worker-4: Loading available Gradle versions] INFO  o.e.b.c.i.u.g.PublishedGradleVersions - Gradle version information cache is up-to-date. Trying to read.
2024-04-02 10:18:24,815 [Worker-2: Loading available Gradle versions] INFO  o.e.b.c.i.u.g.PublishedGradleVersions - Gradle version information cache is up-to-date. Trying to read.
2024-04-03 09:30:23,720 [Worker-2: Loading available Gradle versions] INFO  o.e.b.c.i.u.g.PublishedGradleVersions - Gradle version information cache is out-of-date. Trying to update.
<<<<<<< HEAD
2024-04-03 15:45:36,486 [Worker-114: Building] INFO  o.e.m.c.i.l.LifecycleMappingFactory - Using org.eclipse.m2e.jdt.JarLifecycleMapping lifecycle mapping for MavenProject: Spring_01_DI_2_XML:Spring_01_DI_2_XML:0.0.1-SNAPSHOT @ C:\Users\SSAFY\Desktop\algo\live Spring\01_Spring DI\Spring_01_DI_2_XML\pom.xml.
2024-04-03 15:45:37,240 [Worker-114: Building] WARN  o.a.m.s.f.DefaultMavenResourcesFiltering - Using platform encoding (UTF-8 actually) to copy filtered resources, i.e. build is platform dependent!
2024-04-03 15:45:37,240 [Worker-114: Building] INFO  o.a.m.s.f.DefaultMavenResourcesFiltering - skip non existing resourceDirectory C:\Users\SSAFY\Desktop\algo\live Spring\01_Spring DI\Spring_01_DI_2_XML\src\main\resources
2024-04-03 15:45:37,243 [Worker-114: Building] WARN  o.a.m.s.f.DefaultMavenResourcesFiltering - Using platform encoding (UTF-8 actually) to copy filtered resources, i.e. build is platform dependent!
2024-04-03 15:45:37,243 [Worker-114: Building] INFO  o.a.m.s.f.DefaultMavenResourcesFiltering - skip non existing resourceDirectory C:\Users\SSAFY\Desktop\algo\live Spring\01_Spring DI\Spring_01_DI_2_XML\src\test\resources
2024-04-03 15:45:37,607 [Worker-117: Building] INFO  o.e.m.c.i.l.LifecycleMappingFactory - Using org.eclipse.m2e.jdt.JarLifecycleMapping lifecycle mapping for MavenProject: Spring_01_DI_3_Annotation:Spring_01_DI_3_Annotation:0.0.1-SNAPSHOT @ C:\Users\SSAFY\Desktop\algo\live Spring\01_Spring DI\Spring_01_DI_3_Annotation\pom.xml.
2024-04-03 15:45:37,654 [Worker-117: Building] WARN  o.a.m.s.f.DefaultMavenResourcesFiltering - Using platform encoding (UTF-8 actually) to copy filtered resources, i.e. build is platform dependent!
2024-04-03 15:45:37,654 [Worker-117: Building] INFO  o.a.m.s.f.DefaultMavenResourcesFiltering - skip non existing resourceDirectory C:\Users\SSAFY\Desktop\algo\live Spring\01_Spring DI\Spring_01_DI_3_Annotation\src\main\resources
2024-04-03 15:45:37,656 [Worker-117: Building] WARN  o.a.m.s.f.DefaultMavenResourcesFiltering - Using platform encoding (UTF-8 actually) to copy filtered resources, i.e. build is platform dependent!
2024-04-03 15:45:37,656 [Worker-117: Building] INFO  o.a.m.s.f.DefaultMavenResourcesFiltering - skip non existing resourceDirectory C:\Users\SSAFY\Desktop\algo\live Spring\01_Spring DI\Spring_01_DI_3_Annotation\src\test\resources
2024-04-03 15:45:37,728 [Worker-117: Building] INFO  o.e.m.c.i.l.LifecycleMappingFactory - Using org.eclipse.m2e.jdt.JarLifecycleMapping lifecycle mapping for MavenProject: Spring_01_DI_4_JavaConfig:Spring_01_DI_4_JavaConfig:0.0.1-SNAPSHOT @ C:\Users\SSAFY\Desktop\algo\live Spring\01_Spring DI\Spring_01_DI_4_JavaConfig\pom.xml.
2024-04-03 15:45:37,772 [Worker-117: Building] WARN  o.a.m.s.f.DefaultMavenResourcesFiltering - Using platform encoding (UTF-8 actually) to copy filtered resources, i.e. build is platform dependent!
2024-04-03 15:45:37,772 [Worker-117: Building] INFO  o.a.m.s.f.DefaultMavenResourcesFiltering - skip non existing resourceDirectory C:\Users\SSAFY\Desktop\algo\live Spring\01_Spring DI\Spring_01_DI_4_JavaConfig\src\main\resources
2024-04-03 15:45:37,774 [Worker-117: Building] WARN  o.a.m.s.f.DefaultMavenResourcesFiltering - Using platform encoding (UTF-8 actually) to copy filtered resources, i.e. build is platform dependent!
2024-04-03 15:45:37,774 [Worker-117: Building] INFO  o.a.m.s.f.DefaultMavenResourcesFiltering - skip non existing resourceDirectory C:\Users\SSAFY\Desktop\algo\live Spring\01_Spring DI\Spring_01_DI_4_JavaConfig\src\test\resources
2024-04-03 15:45:38,091 [Worker-113: Updating Maven Dependencies] INFO  o.e.m.c.i.l.LifecycleMappingFactory - Using org.eclipse.m2e.jdt.JarLifecycleMapping lifecycle mapping for MavenProject: Spring_01_DI_4_JavaConfig:Spring_01_DI_4_JavaConfig:0.0.1-SNAPSHOT @ C:\Users\SSAFY\Desktop\algo\live Spring\01_Spring DI\Spring_01_DI_4_JavaConfig\pom.xml.
2024-04-03 15:47:28,364 [Worker-110: Building] INFO  o.e.m.c.i.l.LifecycleMappingFactory - Using org.eclipse.m2e.jdt.JarLifecycleMapping lifecycle mapping for MavenProject: Spring_01_DI_2_XML:Spring_01_DI_2_XML:0.0.1-SNAPSHOT @ C:\Users\SSAFY\Desktop\algo\live Spring\01_Spring DI\Spring_01_DI_2_XML\pom.xml.
2024-04-03 15:47:28,584 [Worker-110: Building] WARN  o.a.m.s.f.DefaultMavenResourcesFiltering - Using platform encoding (UTF-8 actually) to copy filtered resources, i.e. build is platform dependent!
2024-04-03 15:47:28,585 [Worker-110: Building] INFO  o.a.m.s.f.DefaultMavenResourcesFiltering - skip non existing resourceDirectory C:\Users\SSAFY\Desktop\algo\live Spring\01_Spring DI\Spring_01_DI_2_XML\src\main\resources
2024-04-03 15:47:28,587 [Worker-110: Building] WARN  o.a.m.s.f.DefaultMavenResourcesFiltering - Using platform encoding (UTF-8 actually) to copy filtered resources, i.e. build is platform dependent!
2024-04-03 15:47:28,588 [Worker-110: Building] INFO  o.a.m.s.f.DefaultMavenResourcesFiltering - skip non existing resourceDirectory C:\Users\SSAFY\Desktop\algo\live Spring\01_Spring DI\Spring_01_DI_2_XML\src\test\resources
2024-04-03 15:47:28,654 [Worker-110: Building] INFO  o.e.m.c.i.l.LifecycleMappingFactory - Using org.eclipse.m2e.jdt.JarLifecycleMapping lifecycle mapping for MavenProject: Spring_01_DI_3_Annotation:Spring_01_DI_3_Annotation:0.0.1-SNAPSHOT @ C:\Users\SSAFY\Desktop\algo\live Spring\01_Spring DI\Spring_01_DI_3_Annotation\pom.xml.
2024-04-03 15:47:28,699 [Worker-110: Building] WARN  o.a.m.s.f.DefaultMavenResourcesFiltering - Using platform encoding (UTF-8 actually) to copy filtered resources, i.e. build is platform dependent!
2024-04-03 15:47:28,699 [Worker-110: Building] INFO  o.a.m.s.f.DefaultMavenResourcesFiltering - skip non existing resourceDirectory C:\Users\SSAFY\Desktop\algo\live Spring\01_Spring DI\Spring_01_DI_3_Annotation\src\main\resources
2024-04-03 15:47:28,701 [Worker-110: Building] WARN  o.a.m.s.f.DefaultMavenResourcesFiltering - Using platform encoding (UTF-8 actually) to copy filtered resources, i.e. build is platform dependent!
2024-04-03 15:47:28,701 [Worker-110: Building] INFO  o.a.m.s.f.DefaultMavenResourcesFiltering - skip non existing resourceDirectory C:\Users\SSAFY\Desktop\algo\live Spring\01_Spring DI\Spring_01_DI_3_Annotation\src\test\resources
2024-04-03 15:47:28,774 [Worker-110: Building] INFO  o.e.m.c.i.l.LifecycleMappingFactory - Using org.eclipse.m2e.jdt.JarLifecycleMapping lifecycle mapping for MavenProject: Spring_01_DI_4_JavaConfig:Spring_01_DI_4_JavaConfig:0.0.1-SNAPSHOT @ C:\Users\SSAFY\Desktop\algo\live Spring\01_Spring DI\Spring_01_DI_4_JavaConfig\pom.xml.
2024-04-03 15:47:28,821 [Worker-110: Building] WARN  o.a.m.s.f.DefaultMavenResourcesFiltering - Using platform encoding (UTF-8 actually) to copy filtered resources, i.e. build is platform dependent!
2024-04-03 15:47:28,822 [Worker-110: Building] INFO  o.a.m.s.f.DefaultMavenResourcesFiltering - skip non existing resourceDirectory C:\Users\SSAFY\Desktop\algo\live Spring\01_Spring DI\Spring_01_DI_4_JavaConfig\src\main\resources
2024-04-03 15:47:28,823 [Worker-110: Building] WARN  o.a.m.s.f.DefaultMavenResourcesFiltering - Using platform encoding (UTF-8 actually) to copy filtered resources, i.e. build is platform dependent!
2024-04-03 15:47:28,823 [Worker-110: Building] INFO  o.a.m.s.f.DefaultMavenResourcesFiltering - skip non existing resourceDirectory C:\Users\SSAFY\Desktop\algo\live Spring\01_Spring DI\Spring_01_DI_4_JavaConfig\src\test\resources
2024-04-03 15:47:29,985 [Worker-115: Updating Maven Dependencies] INFO  o.e.m.c.i.l.LifecycleMappingFactory - Using org.eclipse.m2e.jdt.JarLifecycleMapping lifecycle mapping for MavenProject: Spring_01_DI_3_Annotation:Spring_01_DI_3_Annotation:0.0.1-SNAPSHOT @ C:\Users\SSAFY\Desktop\algo\live Spring\01_Spring DI\Spring_01_DI_3_Annotation\pom.xml.
2024-04-03 15:47:30,022 [Worker-115: Updating Maven Dependencies] INFO  o.e.m.c.i.l.LifecycleMappingFactory - Using org.eclipse.m2e.jdt.JarLifecycleMapping lifecycle mapping for MavenProject: Spring_01_DI_4_JavaConfig:Spring_01_DI_4_JavaConfig:0.0.1-SNAPSHOT @ C:\Users\SSAFY\Desktop\algo\live Spring\01_Spring DI\Spring_01_DI_4_JavaConfig\pom.xml.
2024-04-03 15:47:30,055 [Worker-115: Updating Maven Dependencies] INFO  o.e.m.c.i.l.LifecycleMappingFactory - Using org.eclipse.m2e.jdt.JarLifecycleMapping lifecycle mapping for MavenProject: Spring_01_DI_2_XML:Spring_01_DI_2_XML:0.0.1-SNAPSHOT @ C:\Users\SSAFY\Desktop\algo\live Spring\01_Spring DI\Spring_01_DI_2_XML\pom.xml.
2024-04-03 16:59:23,127 [Worker-4: Loading available Gradle versions] INFO  o.e.b.c.i.u.g.PublishedGradleVersions - Gradle version information cache is up-to-date. Trying to read.
2024-04-04 09:00:30,440 [Worker-5: Loading available Gradle versions] INFO  o.e.b.c.i.u.g.PublishedGradleVersions - Gradle version information cache is up-to-date. Trying to read.
2024-04-04 12:27:50,154 [Worker-5: Loading available Gradle versions] INFO  o.e.b.c.i.u.g.PublishedGradleVersions - Gradle version information cache is out-of-date. Trying to update.
=======
>>>>>>> e1d8aae6759150d49c602eda81607d39129d96ad
2024-04-04 21:31:31,441 [Worker-4: Loading available Gradle versions] INFO  o.e.b.c.i.u.g.PublishedGradleVersions - Gradle version information cache is up-to-date. Trying to read.
2024-04-05 06:28:00,413 [Worker-1: Loading available Gradle versions] INFO  o.e.b.c.i.u.g.PublishedGradleVersions - Gradle version information cache is up-to-date. Trying to read.
>>>>>>> 7dde123382198e009c2f44e8ecd235e004745447
2024-04-05 09:18:22,839 [Worker-2: Loading available Gradle versions] INFO  o.e.b.c.i.u.g.PublishedGradleVersions - Gradle version information cache is up-to-date. Trying to read.
2024-04-08 09:22:45,459 [Worker-4: Loading available Gradle versions] INFO  o.e.b.c.i.u.g.PublishedGradleVersions - Gradle version information cache is out-of-date. Trying to update.
2024-04-08 09:25:07,820 [Worker-13: Enabling Maven Dependency Management] INFO  o.e.m.c.i.l.LifecycleMappingFactory - Using org.eclipse.m2e.jdt.JarLifecycleMapping lifecycle mapping for MavenProject: Spring_06_Mybatis:Spring_06_Mybatis:0.0.1-SNAPSHOT @ C:\Users\SSAFY\Desktop\algo\Spring_06_Mybatis\pom.xml.
2024-04-08 09:25:08,583 [Worker-13: Enabling Maven Dependency Management] INFO  o.e.m.j.i.AbstractJavaProjectConfigurator - Adding source folder /Spring_06_Mybatis/src
2024-04-08 09:25:08,583 [Worker-13: Enabling Maven Dependency Management] INFO  o.e.m.j.i.AbstractJavaProjectConfigurator - Resources folder /Spring_06_Mybatis/src/main/resources overlaps with sources folder /Spring_06_Mybatis/src
2024-04-08 09:25:08,583 [Worker-13: Enabling Maven Dependency Management] INFO  o.e.m.j.i.AbstractJavaProjectConfigurator - Not adding source folder /Spring_06_Mybatis/src/test/java because it overlaps with /Spring_06_Mybatis/src
2024-04-08 09:25:08,584 [Worker-13: Enabling Maven Dependency Management] INFO  o.e.m.j.i.AbstractJavaProjectConfigurator - Resources folder /Spring_06_Mybatis/src/test/resources overlaps with sources folder /Spring_06_Mybatis/src
2024-04-08 09:25:08,690 [Worker-13: Enabling Maven Dependency Management] INFO  o.e.m.c.i.p.ProjectConfigurationManager - Update started
2024-04-08 09:25:08,954 [Worker-13: Enabling Maven Dependency Management] INFO  o.e.m.c.i.l.LifecycleMappingFactory - Using org.eclipse.m2e.jdt.JarLifecycleMapping lifecycle mapping for MavenProject: Spring_06_Mybatis:Spring_06_Mybatis:0.0.1-SNAPSHOT @ C:\Users\SSAFY\Desktop\algo\Spring_06_Mybatis\pom.xml.
2024-04-08 09:25:09,072 [Worker-13: Enabling Maven Dependency Management] INFO  o.e.m.j.i.AbstractJavaProjectConfigurator - Adding source folder /Spring_06_Mybatis/src
2024-04-08 09:25:09,072 [Worker-13: Enabling Maven Dependency Management] INFO  o.e.m.j.i.AbstractJavaProjectConfigurator - Resources folder /Spring_06_Mybatis/src/main/resources overlaps with sources folder /Spring_06_Mybatis/src
2024-04-08 09:25:09,072 [Worker-13: Enabling Maven Dependency Management] INFO  o.e.m.j.i.AbstractJavaProjectConfigurator - Not adding source folder /Spring_06_Mybatis/src/test/java because it overlaps with /Spring_06_Mybatis/src
2024-04-08 09:25:09,072 [Worker-13: Enabling Maven Dependency Management] INFO  o.e.m.j.i.AbstractJavaProjectConfigurator - Resources folder /Spring_06_Mybatis/src/test/resources overlaps with sources folder /Spring_06_Mybatis/src
2024-04-08 09:25:09,145 [Worker-13: Enabling Maven Dependency Management] INFO  o.e.m.c.i.p.ProjectConfigurationManager - Update completed for 1 poms: local refresh takes 0.00 sec, refresh facades takes 0.00 sec, update config takes 0.00 sec 
2024-04-08 09:25:09,258 [Worker-14: Building] WARN  o.a.m.s.f.DefaultMavenResourcesFiltering - Using platform encoding (UTF-8 actually) to copy filtered resources, i.e. build is platform dependent!
2024-04-08 09:25:09,259 [Worker-14: Building] INFO  o.a.m.s.f.DefaultMavenResourcesFiltering - skip non existing resourceDirectory C:\Users\SSAFY\Desktop\algo\Spring_06_Mybatis\src\main\resources
2024-04-08 09:25:09,262 [Worker-14: Building] WARN  o.a.m.s.f.DefaultMavenResourcesFiltering - Using platform encoding (UTF-8 actually) to copy filtered resources, i.e. build is platform dependent!
2024-04-08 09:25:09,263 [Worker-14: Building] INFO  o.a.m.s.f.DefaultMavenResourcesFiltering - skip non existing resourceDirectory C:\Users\SSAFY\Desktop\algo\Spring_06_Mybatis\src\test\resources
2024-04-08 09:25:43,958 [Worker-4: Building] INFO  o.e.m.c.i.l.LifecycleMappingFactory - Using org.eclipse.m2e.jdt.JarLifecycleMapping lifecycle mapping for MavenProject: Spring_06_Mybatis:Spring_06_Mybatis:0.0.1-SNAPSHOT @ C:\Users\SSAFY\Desktop\algo\Spring_06_Mybatis\pom.xml.
2024-04-08 09:25:44,060 [Worker-4: Building] INFO  o.e.m.c.i.e.AbstractTransferListenerAdapter - Downloading https://repo.maven.apache.org/maven2/org/mybatis/mybatis/3.5.15/mybatis-3.5.15.pom
2024-04-08 09:25:44,072 [Worker-4: Building] INFO  o.e.m.c.i.e.AbstractTransferListenerAdapter - Downloaded https://repo.maven.apache.org/maven2/org/mybatis/mybatis/3.5.15/mybatis-3.5.15.pom
2024-04-08 09:25:44,093 [Worker-4: Building] INFO  o.e.m.c.i.e.AbstractTransferListenerAdapter - Downloading https://repo.maven.apache.org/maven2/org/mybatis/mybatis-parent/41/mybatis-parent-41.pom
2024-04-08 09:25:44,097 [Worker-4: Building] INFO  o.e.m.c.i.e.AbstractTransferListenerAdapter - Downloaded https://repo.maven.apache.org/maven2/org/mybatis/mybatis-parent/41/mybatis-parent-41.pom
2024-04-08 09:25:44,115 [Worker-4: Building] INFO  o.e.m.c.i.e.AbstractTransferListenerAdapter - Downloading https://repo.maven.apache.org/maven2/org/mybatis/mybatis/3.5.15/mybatis-3.5.15.jar
2024-04-08 09:25:44,164 [Worker-4: Building] INFO  o.e.m.c.i.e.AbstractTransferListenerAdapter - Downloaded https://repo.maven.apache.org/maven2/org/mybatis/mybatis/3.5.15/mybatis-3.5.15.jar
2024-04-08 09:25:44,253 [Worker-4: Building] WARN  o.a.m.s.f.DefaultMavenResourcesFiltering - Using platform encoding (UTF-8 actually) to copy filtered resources, i.e. build is platform dependent!
2024-04-08 09:25:44,253 [Worker-4: Building] INFO  o.a.m.s.f.DefaultMavenResourcesFiltering - skip non existing resourceDirectory C:\Users\SSAFY\Desktop\algo\Spring_06_Mybatis\src\main\resources
2024-04-08 09:25:44,255 [Worker-4: Building] WARN  o.a.m.s.f.DefaultMavenResourcesFiltering - Using platform encoding (UTF-8 actually) to copy filtered resources, i.e. build is platform dependent!
2024-04-08 09:25:44,256 [Worker-4: Building] INFO  o.a.m.s.f.DefaultMavenResourcesFiltering - skip non existing resourceDirectory C:\Users\SSAFY\Desktop\algo\Spring_06_Mybatis\src\test\resources
2024-04-08 09:25:45,207 [Worker-14: Download sources and javadoc] INFO  o.e.m.c.i.e.AbstractTransferListenerAdapter - Downloading https://repo.maven.apache.org/maven2/org/mybatis/mybatis/3.5.15/mybatis-3.5.15-sources.jar
2024-04-08 09:25:45,246 [Worker-14: Download sources and javadoc] INFO  o.e.m.c.i.e.AbstractTransferListenerAdapter - Downloaded https://repo.maven.apache.org/maven2/org/mybatis/mybatis/3.5.15/mybatis-3.5.15-sources.jar
2024-04-08 09:25:45,248 [Worker-14: Download sources and javadoc] INFO  o.e.m.j.internal.DownloadSourcesJob - Downloaded sources for org.mybatis:mybatis:3.5.15
2024-04-08 09:26:34,271 [Worker-10: Building] INFO  o.e.m.c.i.l.LifecycleMappingFactory - Using org.eclipse.m2e.jdt.JarLifecycleMapping lifecycle mapping for MavenProject: Spring_06_Mybatis:Spring_06_Mybatis:0.0.1-SNAPSHOT @ C:\Users\SSAFY\Desktop\algo\Spring_06_Mybatis\pom.xml.
2024-04-08 09:26:34,521 [Worker-10: Building] WARN  o.a.m.s.f.DefaultMavenResourcesFiltering - Using platform encoding (UTF-8 actually) to copy filtered resources, i.e. build is platform dependent!
2024-04-08 09:26:34,521 [Worker-10: Building] INFO  o.a.m.s.f.DefaultMavenResourcesFiltering - skip non existing resourceDirectory C:\Users\SSAFY\Desktop\algo\Spring_06_Mybatis\src\main\resources
2024-04-08 09:26:34,524 [Worker-10: Building] WARN  o.a.m.s.f.DefaultMavenResourcesFiltering - Using platform encoding (UTF-8 actually) to copy filtered resources, i.e. build is platform dependent!
2024-04-08 09:26:34,524 [Worker-10: Building] INFO  o.a.m.s.f.DefaultMavenResourcesFiltering - skip non existing resourceDirectory C:\Users\SSAFY\Desktop\algo\Spring_06_Mybatis\src\test\resources
2024-04-08 09:30:07,020 [Worker-1: Building] WARN  o.a.m.s.f.DefaultMavenResourcesFiltering - Using platform encoding (UTF-8 actually) to copy filtered resources, i.e. build is platform dependent!
2024-04-08 09:30:07,020 [Worker-1: Building] INFO  o.a.m.s.f.DefaultMavenResourcesFiltering - skip non existing resourceDirectory C:\Users\SSAFY\Desktop\algo\Spring_06_Mybatis\src\main\resources
2024-04-08 09:30:07,022 [Worker-1: Building] WARN  o.a.m.s.f.DefaultMavenResourcesFiltering - Using platform encoding (UTF-8 actually) to copy filtered resources, i.e. build is platform dependent!
2024-04-08 09:30:07,028 [Worker-1: Building] INFO  o.a.m.s.f.DefaultMavenResourcesFiltering - skip non existing resourceDirectory C:\Users\SSAFY\Desktop\algo\Spring_06_Mybatis\src\test\resources
2024-04-08 09:30:57,300 [Worker-16: Building] WARN  o.a.m.s.f.DefaultMavenResourcesFiltering - Using platform encoding (UTF-8 actually) to copy filtered resources, i.e. build is platform dependent!
2024-04-08 09:30:57,301 [Worker-16: Building] INFO  o.a.m.s.f.DefaultMavenResourcesFiltering - skip non existing resourceDirectory C:\Users\SSAFY\Desktop\algo\Spring_06_Mybatis\src\main\resources
2024-04-08 09:30:57,302 [Worker-16: Building] WARN  o.a.m.s.f.DefaultMavenResourcesFiltering - Using platform encoding (UTF-8 actually) to copy filtered resources, i.e. build is platform dependent!
2024-04-08 09:30:57,303 [Worker-16: Building] INFO  o.a.m.s.f.DefaultMavenResourcesFiltering - skip non existing resourceDirectory C:\Users\SSAFY\Desktop\algo\Spring_06_Mybatis\src\test\resources
2024-04-08 09:31:52,901 [Worker-10: Building] WARN  o.a.m.s.f.DefaultMavenResourcesFiltering - Using platform encoding (UTF-8 actually) to copy filtered resources, i.e. build is platform dependent!
2024-04-08 09:31:52,901 [Worker-10: Building] INFO  o.a.m.s.f.DefaultMavenResourcesFiltering - skip non existing resourceDirectory C:\Users\SSAFY\Desktop\algo\Spring_06_Mybatis\src\main\resources
2024-04-08 09:31:52,902 [Worker-10: Building] WARN  o.a.m.s.f.DefaultMavenResourcesFiltering - Using platform encoding (UTF-8 actually) to copy filtered resources, i.e. build is platform dependent!
2024-04-08 09:31:52,903 [Worker-10: Building] INFO  o.a.m.s.f.DefaultMavenResourcesFiltering - skip non existing resourceDirectory C:\Users\SSAFY\Desktop\algo\Spring_06_Mybatis\src\test\resources
2024-04-08 09:31:54,915 [Worker-10: Building] WARN  o.a.m.s.f.DefaultMavenResourcesFiltering - Using platform encoding (UTF-8 actually) to copy filtered resources, i.e. build is platform dependent!
2024-04-08 09:31:54,916 [Worker-10: Building] INFO  o.a.m.s.f.DefaultMavenResourcesFiltering - skip non existing resourceDirectory C:\Users\SSAFY\Desktop\algo\Spring_06_Mybatis\src\main\resources
2024-04-08 09:31:54,917 [Worker-10: Building] WARN  o.a.m.s.f.DefaultMavenResourcesFiltering - Using platform encoding (UTF-8 actually) to copy filtered resources, i.e. build is platform dependent!
2024-04-08 09:31:54,918 [Worker-10: Building] INFO  o.a.m.s.f.DefaultMavenResourcesFiltering - skip non existing resourceDirectory C:\Users\SSAFY\Desktop\algo\Spring_06_Mybatis\src\test\resources
2024-04-08 09:32:19,400 [Worker-18: Download sources and javadoc] INFO  o.e.m.j.internal.DownloadSourcesJob - Downloaded sources for org.mybatis:mybatis:3.5.15
2024-04-08 09:32:29,482 [Worker-18: Download sources and javadoc] INFO  o.e.m.c.i.e.AbstractTransferListenerAdapter - Downloaded https://repo.maven.apache.org/maven2/org/mybatis/mybatis/3.5.15/mybatis-3.5.15-javadoc.jar
2024-04-08 09:32:29,484 [Worker-18: Download sources and javadoc] ERROR o.e.m.j.internal.DownloadSourcesJob - Could not download javadoc for org.mybatis:mybatis:3.5.15
org.eclipse.core.runtime.CoreException: Could not resolve artifact org.mybatis:mybatis:jar:javadoc:3.5.15
	at org.eclipse.m2e.core.internal.embedder.MavenImpl.lambda$6(MavenImpl.java:584)
	at org.eclipse.m2e.core.internal.embedder.MavenExecutionContext.executeBare(MavenExecutionContext.java:394)
	at org.eclipse.m2e.core.internal.embedder.MavenExecutionContext.execute(MavenExecutionContext.java:228)
	at org.eclipse.m2e.core.internal.embedder.MavenExecutionContext.execute(MavenExecutionContext.java:214)
	at org.eclipse.m2e.core.internal.embedder.MavenImpl.resolve(MavenImpl.java:553)
	at org.eclipse.m2e.core.internal.embedder.MavenImpl.resolve(MavenImpl.java:538)
	at org.eclipse.m2e.jdt.internal.DownloadSourcesJob.download(DownloadSourcesJob.java:308)
	at org.eclipse.m2e.jdt.internal.DownloadSourcesJob.downloadAttachments(DownloadSourcesJob.java:294)
	at org.eclipse.m2e.jdt.internal.DownloadSourcesJob.downloadMaven(DownloadSourcesJob.java:252)
	at org.eclipse.m2e.jdt.internal.DownloadSourcesJob.downloadFilesAndPopulateToUpdate(DownloadSourcesJob.java:220)
	at org.eclipse.m2e.jdt.internal.DownloadSourcesJob.lambda$0(DownloadSourcesJob.java:149)
	at org.eclipse.m2e.core.internal.embedder.MavenExecutionContext.executeBare(MavenExecutionContext.java:394)
	at org.eclipse.m2e.core.internal.embedder.MavenExecutionContext.execute(MavenExecutionContext.java:275)
	at org.eclipse.m2e.core.internal.embedder.MavenExecutionContext.execute(MavenExecutionContext.java:214)
	at org.eclipse.m2e.core.embedder.IMaven.execute(IMaven.java:294)
	at org.eclipse.m2e.jdt.internal.DownloadSourcesJob.run(DownloadSourcesJob.java:149)
	at org.eclipse.core.internal.jobs.Worker.run(Worker.java:63)
2024-04-08 09:32:29,489 [Worker-18: Download sources and javadoc] INFO  o.e.m.j.internal.DownloadSourcesJob - Downloaded sources for com.mysql:mysql-connector-j:8.0.33
2024-04-08 09:32:29,554 [Worker-18: Download sources and javadoc] INFO  o.e.m.c.i.e.AbstractTransferListenerAdapter - Downloading https://repo.maven.apache.org/maven2/com/mysql/mysql-connector-j/8.0.33/mysql-connector-j-8.0.33-javadoc.jar
2024-04-08 09:32:29,600 [Worker-18: Download sources and javadoc] INFO  o.e.m.c.i.e.AbstractTransferListenerAdapter - Downloaded https://repo.maven.apache.org/maven2/com/mysql/mysql-connector-j/8.0.33/mysql-connector-j-8.0.33-javadoc.jar
2024-04-08 09:32:29,603 [Worker-18: Download sources and javadoc] INFO  o.e.m.j.internal.DownloadSourcesJob - Downloaded javadoc for com.mysql:mysql-connector-j:8.0.33
2024-04-08 09:32:29,605 [Worker-18: Download sources and javadoc] INFO  o.e.m.j.internal.DownloadSourcesJob - Downloaded sources for com.google.protobuf:protobuf-java:3.21.9
2024-04-08 09:32:29,621 [Worker-18: Download sources and javadoc] INFO  o.e.m.c.i.e.AbstractTransferListenerAdapter - Downloading https://repo.maven.apache.org/maven2/com/google/protobuf/protobuf-java/3.21.9/protobuf-java-3.21.9-javadoc.jar
2024-04-08 09:32:29,681 [Worker-18: Download sources and javadoc] INFO  o.e.m.c.i.e.AbstractTransferListenerAdapter - Downloaded https://repo.maven.apache.org/maven2/com/google/protobuf/protobuf-java/3.21.9/protobuf-java-3.21.9-javadoc.jar
2024-04-08 09:32:29,683 [Worker-18: Download sources and javadoc] INFO  o.e.m.j.internal.DownloadSourcesJob - Downloaded javadoc for com.google.protobuf:protobuf-java:3.21.9
2024-04-08 09:34:23,267 [Worker-20: Building] WARN  o.a.m.s.f.DefaultMavenResourcesFiltering - Using platform encoding (UTF-8 actually) to copy filtered resources, i.e. build is platform dependent!
2024-04-08 09:34:23,268 [Worker-20: Building] INFO  o.a.m.s.f.DefaultMavenResourcesFiltering - skip non existing resourceDirectory C:\Users\SSAFY\Desktop\algo\Spring_06_Mybatis\src\main\resources
2024-04-08 09:34:23,269 [Worker-20: Building] WARN  o.a.m.s.f.DefaultMavenResourcesFiltering - Using platform encoding (UTF-8 actually) to copy filtered resources, i.e. build is platform dependent!
2024-04-08 09:34:23,270 [Worker-20: Building] INFO  o.a.m.s.f.DefaultMavenResourcesFiltering - skip non existing resourceDirectory C:\Users\SSAFY\Desktop\algo\Spring_06_Mybatis\src\test\resources
2024-04-08 09:34:47,323 [Worker-10: Building] WARN  o.a.m.s.f.DefaultMavenResourcesFiltering - Using platform encoding (UTF-8 actually) to copy filtered resources, i.e. build is platform dependent!
2024-04-08 09:34:47,324 [Worker-10: Building] INFO  o.a.m.s.f.DefaultMavenResourcesFiltering - skip non existing resourceDirectory C:\Users\SSAFY\Desktop\algo\Spring_06_Mybatis\src\main\resources
2024-04-08 09:34:47,325 [Worker-10: Building] WARN  o.a.m.s.f.DefaultMavenResourcesFiltering - Using platform encoding (UTF-8 actually) to copy filtered resources, i.e. build is platform dependent!
2024-04-08 09:34:47,325 [Worker-10: Building] INFO  o.a.m.s.f.DefaultMavenResourcesFiltering - skip non existing resourceDirectory C:\Users\SSAFY\Desktop\algo\Spring_06_Mybatis\src\test\resources
2024-04-08 09:35:01,414 [Worker-22: Building] INFO  o.e.m.c.i.l.LifecycleMappingFactory - Using org.eclipse.m2e.jdt.JarLifecycleMapping lifecycle mapping for MavenProject: DB_04_JDBC_Java:DB_04_JDBC_Java:0.0.1-SNAPSHOT @ C:\Users\SSAFY\Desktop\algo\DB\DB_04_JDBC_Java\pom.xml.
2024-04-08 09:35:01,429 [Worker-22: Building] WARN  o.a.m.s.f.DefaultMavenResourcesFiltering - Using platform encoding (UTF-8 actually) to copy filtered resources, i.e. build is platform dependent!
2024-04-08 09:35:01,430 [Worker-22: Building] INFO  o.a.m.s.f.DefaultMavenResourcesFiltering - skip non existing resourceDirectory C:\Users\SSAFY\Desktop\algo\DB\DB_04_JDBC_Java\src\main\resources
2024-04-08 09:35:01,432 [Worker-22: Building] WARN  o.a.m.s.f.DefaultMavenResourcesFiltering - Using platform encoding (UTF-8 actually) to copy filtered resources, i.e. build is platform dependent!
2024-04-08 09:35:01,432 [Worker-22: Building] INFO  o.a.m.s.f.DefaultMavenResourcesFiltering - skip non existing resourceDirectory C:\Users\SSAFY\Desktop\algo\DB\DB_04_JDBC_Java\src\test\resources
2024-04-08 09:35:02,023 [Worker-24: Updating Maven Dependencies] INFO  o.e.m.c.i.l.LifecycleMappingFactory - Using org.eclipse.m2e.jdt.JarLifecycleMapping lifecycle mapping for MavenProject: DB_04_JDBC_Java:DB_04_JDBC_Java:0.0.1-SNAPSHOT @ C:\Users\SSAFY\Desktop\algo\DB\DB_04_JDBC_Java\pom.xml.
2024-04-08 09:35:37,856 [Worker-10: Building] WARN  o.a.m.s.f.DefaultMavenResourcesFiltering - Using platform encoding (UTF-8 actually) to copy filtered resources, i.e. build is platform dependent!
2024-04-08 09:35:37,856 [Worker-10: Building] INFO  o.a.m.s.f.DefaultMavenResourcesFiltering - skip non existing resourceDirectory C:\Users\SSAFY\Desktop\algo\Spring_06_Mybatis\src\main\resources
2024-04-08 09:35:37,857 [Worker-10: Building] WARN  o.a.m.s.f.DefaultMavenResourcesFiltering - Using platform encoding (UTF-8 actually) to copy filtered resources, i.e. build is platform dependent!
2024-04-08 09:35:37,857 [Worker-10: Building] INFO  o.a.m.s.f.DefaultMavenResourcesFiltering - skip non existing resourceDirectory C:\Users\SSAFY\Desktop\algo\Spring_06_Mybatis\src\test\resources
2024-04-08 10:00:08,886 [Worker-27: Building] WARN  o.a.m.s.f.DefaultMavenResourcesFiltering - Using platform encoding (UTF-8 actually) to copy filtered resources, i.e. build is platform dependent!
2024-04-08 10:00:08,886 [Worker-27: Building] INFO  o.a.m.s.f.DefaultMavenResourcesFiltering - skip non existing resourceDirectory C:\Users\SSAFY\Desktop\algo\DB\DB_04_JDBC_Java\src\main\resources
2024-04-08 10:00:08,887 [Worker-27: Building] WARN  o.a.m.s.f.DefaultMavenResourcesFiltering - Using platform encoding (UTF-8 actually) to copy filtered resources, i.e. build is platform dependent!
2024-04-08 10:00:08,888 [Worker-27: Building] INFO  o.a.m.s.f.DefaultMavenResourcesFiltering - skip non existing resourceDirectory C:\Users\SSAFY\Desktop\algo\DB\DB_04_JDBC_Java\src\test\resources
2024-04-08 10:00:08,921 [Worker-27: Building] WARN  o.a.m.s.f.DefaultMavenResourcesFiltering - Using platform encoding (UTF-8 actually) to copy filtered resources, i.e. build is platform dependent!
2024-04-08 10:00:08,922 [Worker-27: Building] INFO  o.a.m.s.f.DefaultMavenResourcesFiltering - skip non existing resourceDirectory C:\Users\SSAFY\Desktop\algo\Spring_06_Mybatis\src\main\resources
2024-04-08 10:00:08,923 [Worker-27: Building] WARN  o.a.m.s.f.DefaultMavenResourcesFiltering - Using platform encoding (UTF-8 actually) to copy filtered resources, i.e. build is platform dependent!
2024-04-08 10:00:08,924 [Worker-27: Building] INFO  o.a.m.s.f.DefaultMavenResourcesFiltering - skip non existing resourceDirectory C:\Users\SSAFY\Desktop\algo\Spring_06_Mybatis\src\test\resources
2024-04-08 10:00:15,319 [Worker-27: Building] WARN  o.a.m.s.f.DefaultMavenResourcesFiltering - Using platform encoding (UTF-8 actually) to copy filtered resources, i.e. build is platform dependent!
2024-04-08 10:00:15,319 [Worker-27: Building] INFO  o.a.m.s.f.DefaultMavenResourcesFiltering - skip non existing resourceDirectory C:\Users\SSAFY\Desktop\algo\DB\DB_04_JDBC_Java\src\main\resources
2024-04-08 10:00:15,320 [Worker-27: Building] WARN  o.a.m.s.f.DefaultMavenResourcesFiltering - Using platform encoding (UTF-8 actually) to copy filtered resources, i.e. build is platform dependent!
2024-04-08 10:00:15,321 [Worker-27: Building] INFO  o.a.m.s.f.DefaultMavenResourcesFiltering - skip non existing resourceDirectory C:\Users\SSAFY\Desktop\algo\DB\DB_04_JDBC_Java\src\test\resources
2024-04-08 10:00:15,333 [Worker-27: Building] WARN  o.a.m.s.f.DefaultMavenResourcesFiltering - Using platform encoding (UTF-8 actually) to copy filtered resources, i.e. build is platform dependent!
2024-04-08 10:00:15,334 [Worker-27: Building] INFO  o.a.m.s.f.DefaultMavenResourcesFiltering - skip non existing resourceDirectory C:\Users\SSAFY\Desktop\algo\Spring_06_Mybatis\src\main\resources
2024-04-08 10:00:15,335 [Worker-27: Building] WARN  o.a.m.s.f.DefaultMavenResourcesFiltering - Using platform encoding (UTF-8 actually) to copy filtered resources, i.e. build is platform dependent!
2024-04-08 10:00:15,336 [Worker-27: Building] INFO  o.a.m.s.f.DefaultMavenResourcesFiltering - skip non existing resourceDirectory C:\Users\SSAFY\Desktop\algo\Spring_06_Mybatis\src\test\resources
2024-04-08 10:00:20,979 [Worker-28: Building] WARN  o.a.m.s.f.DefaultMavenResourcesFiltering - Using platform encoding (UTF-8 actually) to copy filtered resources, i.e. build is platform dependent!
2024-04-08 10:00:20,979 [Worker-28: Building] INFO  o.a.m.s.f.DefaultMavenResourcesFiltering - skip non existing resourceDirectory C:\Users\SSAFY\Desktop\algo\Spring_06_Mybatis\src\main\resources
2024-04-08 10:00:20,980 [Worker-28: Building] WARN  o.a.m.s.f.DefaultMavenResourcesFiltering - Using platform encoding (UTF-8 actually) to copy filtered resources, i.e. build is platform dependent!
2024-04-08 10:00:20,981 [Worker-28: Building] INFO  o.a.m.s.f.DefaultMavenResourcesFiltering - skip non existing resourceDirectory C:\Users\SSAFY\Desktop\algo\Spring_06_Mybatis\src\test\resources
2024-04-08 10:01:11,366 [Worker-22: Building] WARN  o.a.m.s.f.DefaultMavenResourcesFiltering - Using platform encoding (UTF-8 actually) to copy filtered resources, i.e. build is platform dependent!
2024-04-08 10:01:11,367 [Worker-22: Building] INFO  o.a.m.s.f.DefaultMavenResourcesFiltering - skip non existing resourceDirectory C:\Users\SSAFY\Desktop\algo\Spring_06_Mybatis\src\main\resources
2024-04-08 10:01:11,368 [Worker-22: Building] WARN  o.a.m.s.f.DefaultMavenResourcesFiltering - Using platform encoding (UTF-8 actually) to copy filtered resources, i.e. build is platform dependent!
2024-04-08 10:01:11,368 [Worker-22: Building] INFO  o.a.m.s.f.DefaultMavenResourcesFiltering - skip non existing resourceDirectory C:\Users\SSAFY\Desktop\algo\Spring_06_Mybatis\src\test\resources
2024-04-08 11:13:52,166 [Worker-36: Update Maven projects configuration] INFO  o.e.m.c.i.p.ProjectConfigurationManager - Update started
2024-04-08 11:13:52,195 [Worker-36: Update Maven projects configuration] INFO  o.e.m.c.i.l.LifecycleMappingFactory - Using org.eclipse.m2e.jdt.JarLifecycleMapping lifecycle mapping for MavenProject: Spring_06_Mybatis_Java:Spring_06_Mybatis_Java:0.0.1-SNAPSHOT @ C:\Users\SSAFY\Desktop\live-spring\06_Mybatis\사전제공코드\pom.xml.
2024-04-08 11:13:52,413 [Worker-36: Update Maven projects configuration] INFO  o.e.m.j.i.AbstractJavaProjectConfigurator - Adding source folder /사전제공코드/src
2024-04-08 11:13:52,413 [Worker-36: Update Maven projects configuration] INFO  o.e.m.j.i.AbstractJavaProjectConfigurator - Resources folder /사전제공코드/src/main/resources overlaps with sources folder /사전제공코드/src
2024-04-08 11:13:52,414 [Worker-36: Update Maven projects configuration] INFO  o.e.m.j.i.AbstractJavaProjectConfigurator - Not adding source folder /사전제공코드/src/test/java because it overlaps with /사전제공코드/src
2024-04-08 11:13:52,414 [Worker-36: Update Maven projects configuration] INFO  o.e.m.j.i.AbstractJavaProjectConfigurator - Resources folder /사전제공코드/src/test/resources overlaps with sources folder /사전제공코드/src
2024-04-08 11:13:52,520 [Worker-36: Update Maven projects configuration] INFO  o.e.m.c.i.p.ProjectConfigurationManager - Update completed for 1 poms: local refresh takes 0.00 sec, refresh facades takes 0.00 sec, update config takes 0.00 sec 
2024-04-08 11:13:52,684 [Worker-41: Building] WARN  o.a.m.s.f.DefaultMavenResourcesFiltering - Using platform encoding (UTF-8 actually) to copy filtered resources, i.e. build is platform dependent!
2024-04-08 11:13:52,684 [Worker-41: Building] INFO  o.a.m.s.f.DefaultMavenResourcesFiltering - skip non existing resourceDirectory C:\Users\SSAFY\Desktop\live-spring\06_Mybatis\사전제공코드\src\main\resources
2024-04-08 11:13:52,686 [Worker-41: Building] WARN  o.a.m.s.f.DefaultMavenResourcesFiltering - Using platform encoding (UTF-8 actually) to copy filtered resources, i.e. build is platform dependent!
2024-04-08 11:13:52,686 [Worker-41: Building] INFO  o.a.m.s.f.DefaultMavenResourcesFiltering - skip non existing resourceDirectory C:\Users\SSAFY\Desktop\live-spring\06_Mybatis\사전제공코드\src\test\resources
2024-04-08 11:15:45,838 [Worker-33: Building] INFO  o.e.m.c.i.l.LifecycleMappingFactory - Using org.eclipse.m2e.jdt.JarLifecycleMapping lifecycle mapping for MavenProject: Spring_06_Mybatis:Spring_06_Mybatis:0.0.1-SNAPSHOT @ C:\Users\SSAFY\Desktop\live-spring\06_Mybatis\Spring_06_Mybatis\pom.xml.
2024-04-08 11:15:45,868 [Worker-33: Building] WARN  o.a.m.s.f.DefaultMavenResourcesFiltering - Using platform encoding (UTF-8 actually) to copy filtered resources, i.e. build is platform dependent!
2024-04-08 11:15:45,869 [Worker-33: Building] INFO  o.a.m.s.f.DefaultMavenResourcesFiltering - skip non existing resourceDirectory C:\Users\SSAFY\Desktop\live-spring\06_Mybatis\Spring_06_Mybatis\src\main\resources
2024-04-08 11:15:45,870 [Worker-33: Building] WARN  o.a.m.s.f.DefaultMavenResourcesFiltering - Using platform encoding (UTF-8 actually) to copy filtered resources, i.e. build is platform dependent!
2024-04-08 11:15:45,871 [Worker-33: Building] INFO  o.a.m.s.f.DefaultMavenResourcesFiltering - skip non existing resourceDirectory C:\Users\SSAFY\Desktop\live-spring\06_Mybatis\Spring_06_Mybatis\src\test\resources
2024-04-08 11:15:46,479 [Worker-33: Updating Maven Dependencies] INFO  o.e.m.c.i.l.LifecycleMappingFactory - Using org.eclipse.m2e.jdt.JarLifecycleMapping lifecycle mapping for MavenProject: Spring_06_Mybatis:Spring_06_Mybatis:0.0.1-SNAPSHOT @ C:\Users\SSAFY\Desktop\live-spring\06_Mybatis\Spring_06_Mybatis\pom.xml.
